<?xml version="1.0" encoding="UTF-8"?>
<testsuite xmlns:xsi="http://www.w3.org/2001/XMLSchema-instance" xsi:noNamespaceSchemaLocation="https://maven.apache.org/surefire/maven-failsafe-plugin/xsd/failsafe-test-report-3.0.xsd" version="3.0" name="runners.RegisterRunner" time="42.745" tests="2" errors="1" skipped="0" failures="0">
  <properties>
[...]
</properties>
  <testcase name="To test Register functionality" classname="Register" time="21.186">
    <error type="java.lang.NullPointerException"><![CDATA[java.lang.NullPointerException: Cannot invoke "net.serenitybdd.core.pages.WebElementFacade.sendKeys(java.lang.CharSequence[])" because "this.email" is null
]]></error>
    <system-out><![CDATA[17:50:36.021 [main] INFO   - 

-------------------------------------------------------------------------------------
     _______. _______ .______       _______ .__   __.  __  .___________.____    ____ 
    /       ||   ____||   _  \     |   ____||  \ |  | |  | |           |\   \  /   / 
   |   (----`|  |__   |  |_)  |    |  |__   |   \|  | |  | `---|  |----` \   \/   /  
    \   \    |   __|  |      /     |   __|  |  . `  | |  |     |  |       \_    _/   
.----)   |   |  |____ |  |\  \----.|  |____ |  |\   | |  |     |  |         |  |     
|_______/    |_______|| _| `._____||_______||__| \__| |__|     |__|         |__|    
                                                                                     
 News and tutorials at http://www.serenity-bdd.info                                  
 Documentation at https://wakaleo.gitbooks.io/the-serenity-book/content/             
 Join the Serenity Community on Gitter: https://gitter.im/serenity-bdd/serenity-core 
 Serenity BDD Support and Training at http://serenity-bdd.info/#/trainingandsupport  
-------------------------------------------------------------------------------------

17:50:36.037 [main] INFO   - Test Suite Started: Register
17:50:36.081 [main] INFO   - Test Suite Started: Register

@TestRegister @test1 @smoke
Scenario Outline: To test Register functionality                                     &amp#27;[90m# src/test/resources/features/Register.feature:15&amp#27;[0m
17:50:36.464 [main] INFO   - 
  _____   ___   ___   _____     ___   _____     _     ___   _____   ___   ___  
 |_   _| | __| / __| |_   _|   / __| |_   _|   /_\   | _ \ |_   _| | __| |   \ 
   | |   | _|  \__ \   | |     \__ \   | |    / _ \  |   /   | |   | _|  | |) |
   |_|   |___| |___/   |_|     |___/   |_|   /_/ \_\ |_|_\   |_|   |___| |___/ 

To test Register functionality(register;to-test-register-functionality)
--------------------------------------------------------------------------------
17:50:38.339 [main] INFO  n.s.c.w.d.ChromeDriverProvider - Starting Chrome driver instance with capabilities:
17:50:38.343 [main] INFO  n.s.c.w.d.ChromeDriverProvider - Capabilities {acceptInsecureCerts: true, browserName: chrome, goog:chromeOptions: {args: [remote-allow-origins=*, test-type, no-sandbox, ignore-certificate-errors, --window-size=1000,800, incognito, disable-infobars, disable-gpu, disable-default-apps, disable-popup-blocking, remote-allow-origins=*, test-type, no-sandbox, ignore-certificate-errors, --window-size=1000,800, incognito, disable-infobars, disable-gpu, disable-default-apps, disable-popup-blocking, remote-allow-origins=*], extensions: []}}
User launches Loblaws url
  &amp#27;[32mGiven &amp#27;[0m&amp#27;[32mUser launches Loblaws url&amp#27;[0m                                                    &amp#27;[90m# stepdefinitions.RegisterSteps.user_launches_loblaws_url()&amp#27;[0m
User clicks on Sign In page
  &amp#27;[32mWhen &amp#27;[0m&amp#27;[32mUser clicks on Sign In page&amp#27;[0m                                                   &amp#27;[90m# stepdefinitions.RegisterSteps.user_clicks_on_sign_in_page()&amp#27;[0m
User Clicks on Create PC id
  &amp#27;[32mThen &amp#27;[0m&amp#27;[32mUser Clicks on Create PC id&amp#27;[0m                                                   &amp#27;[90m# stepdefinitions.RegisterSteps.user_clicks_on_create_pc_id()&amp#27;[0m
User creates an account by providing enter
  &amp#27;[31mThen &amp#27;[0m&amp#27;[31mUser creates an account by providing enter &amp#27;[0m&amp#27;[31m&amp#27;[1m"test1@gmail.com"&amp#27;[0m&amp#27;[31m and &amp#27;[0m&amp#27;[31m&amp#27;[1m"Test@12345"&amp#27;[0m &amp#27;[90m# stepdefinitions.RegisterSteps.user_creates_an_account_by_providing_enter_and(java.lang.String,java.lang.String)&amp#27;[0m
      &amp#27;[31mjava.lang.NullPointerException: Cannot invoke "net.serenitybdd.core.pages.WebElementFacade.sendKeys(java.lang.CharSequence[])" because "this.email" is null
	at cucumber.starter@1.0.0-SNAPSHOT/pages.LoginPage.EnterUsername(LoginPage.java:21)
	at cucumber.starter@1.0.0-SNAPSHOT/pages.LoginPage$ByteBuddy$tRCRhYyo.EnterUsername$accessor$ADTI2Zfx(Unknown Source)
	at java.base/jdk.internal.reflect.DirectMethodHandleAccessor.invoke(DirectMethodHandleAccessor.java:104)
	at java.base/java.lang.reflect.Method.invoke(Method.java:578)
	at net.thucydides.core.steps.BaseMethodRunner.invokeMethod(BaseMethodRunner.java:18)
	at net.thucydides.core.steps.NormalMethodRunner.invokeMethodAndNotifyFailures(NormalMethodRunner.java:18)
	at net.thucydides.core.steps.StepInterceptor.runNormalMethod(StepInterceptor.java:421)
	at net.thucydides.core.steps.StepInterceptor.testStepResult(StepInterceptor.java:193)
	at net.thucydides.core.steps.StepInterceptor.intercept(StepInterceptor.java:86)
	at net.thucydides.core.steps.ProxyConfiguration$InterceptorDispatcher.intercept(ProxyConfiguration.java:51)
	at cucumber.starter@1.0.0-SNAPSHOT/pages.LoginPage$ByteBuddy$tRCRhYyo.EnterUsername(Unknown Source)
	at cucumber.starter@1.0.0-SNAPSHOT/stepdefinitions.RegisterSteps.user_creates_an_account_by_providing_enter_and(RegisterSteps.java:52)
	at ✽.User creates an account by providing enter "test1@gmail.com" and "Test@12345"(file:///C:/Users/Swati/eclipse-workspace/Automation/SeleniumAutomation/src/test/resources/features/Register.feature:10)
&amp#27;[0m
  &amp#27;[36mThen &amp#27;[0m&amp#27;[36muser clicks on Agree checkbox and creates PC id&amp#27;[0m                               &amp#27;[90m# stepdefinitions.RegisterSteps.user_clicks_on_agree_checkbox_and_creates_pc_id()&amp#27;[0m
17:50:56.494 [AsyncHttpClient-1-4] WARN  o.a.netty.handler.WebSocketHandler - onError
java.net.SocketException: Connection reset
	at java.base/sun.nio.ch.SocketChannelImpl.throwConnectionReset(SocketChannelImpl.java:401)
	at java.base/sun.nio.ch.SocketChannelImpl.read(SocketChannelImpl.java:434)
	at io.netty.buffer.PooledByteBuf.setBytes(PooledByteBuf.java:259)
	at io.netty.buffer.AbstractByteBuf.writeBytes(AbstractByteBuf.java:1132)
	at io.netty.channel.socket.nio.NioSocketChannel.doReadBytes(NioSocketChannel.java:357)
	at io.netty.channel.nio.AbstractNioByteChannel$NioByteUnsafe.read(AbstractNioByteChannel.java:151)
	at io.netty.channel.nio.NioEventLoop.processSelectedKey(NioEventLoop.java:788)
	at io.netty.channel.nio.NioEventLoop.processSelectedKeysOptimized(NioEventLoop.java:724)
	at io.netty.channel.nio.NioEventLoop.processSelectedKeys(NioEventLoop.java:650)
	at io.netty.channel.nio.NioEventLoop.run(NioEventLoop.java:562)
	at io.netty.util.concurrent.SingleThreadEventExecutor$4.run(SingleThreadEventExecutor.java:997)
	at io.netty.util.internal.ThreadExecutorMap$2.run(ThreadExecutorMap.java:74)
	at io.netty.util.concurrent.FastThreadLocalRunnable.run(FastThreadLocalRunnable.java:30)
	at java.base/java.lang.Thread.run(Thread.java:1589)
17:50:57.257 [main] ERROR  - 
  _____   ___   ___   _____     ___   ___   ___    ___    ___ 
 |_   _| | __| / __| |_   _|   | __| | _ \ | _ \  / _ \  | _ \
   | |   | _|  \__ \   | |     | _|  |   / |   / | (_) | |   /
   |_|   |___| |___/   |_|     |___| |_|_\ |_|_\  \___/  |_|_\

To test Register functionality
---------------------------------------------------------------
17:50:57.262 [main] ERROR  -     Test failed at step: Enter username: test1@gmail.com
17:50:57.262 [main] ERROR  -     Cannot invoke "net.serenitybdd.core.pages.WebElementFacade.sendKeys(java.lang.CharSequence[])" because "this.email" is null
]]></system-out>
    <system-err><![CDATA[Starting ChromeDriver 111.0.5563.64 (c710e93d5b63b7095afe8c2c17df34408078439d-refs/branch-heads/5563@{#995}) on port 44443
Only local connections are allowed.
Please see https://chromedriver.chromium.org/security-considerations for suggestions on keeping ChromeDriver safe.
ChromeDriver was started successfully.
Mar 30, 2023 5:50:41 PM org.openqa.selenium.devtools.CdpVersionFinder findNearestMatch
WARNING: Unable to find an exact match for CDP version 111, so returning the closest version found: 109
Mar 30, 2023 5:50:56 PM org.openqa.selenium.remote.http.WebSocket$Listener onError
WARNING: Connection reset
java.net.SocketException: Connection reset
	at java.base/sun.nio.ch.SocketChannelImpl.throwConnectionReset(SocketChannelImpl.java:401)
	at java.base/sun.nio.ch.SocketChannelImpl.read(SocketChannelImpl.java:434)
	at io.netty.buffer.PooledByteBuf.setBytes(PooledByteBuf.java:259)
	at io.netty.buffer.AbstractByteBuf.writeBytes(AbstractByteBuf.java:1132)
	at io.netty.channel.socket.nio.NioSocketChannel.doReadBytes(NioSocketChannel.java:357)
	at io.netty.channel.nio.AbstractNioByteChannel$NioByteUnsafe.read(AbstractNioByteChannel.java:151)
	at io.netty.channel.nio.NioEventLoop.processSelectedKey(NioEventLoop.java:788)
	at io.netty.channel.nio.NioEventLoop.processSelectedKeysOptimized(NioEventLoop.java:724)
	at io.netty.channel.nio.NioEventLoop.processSelectedKeys(NioEventLoop.java:650)
	at io.netty.channel.nio.NioEventLoop.run(NioEventLoop.java:562)
	at io.netty.util.concurrent.SingleThreadEventExecutor$4.run(SingleThreadEventExecutor.java:997)
	at io.netty.util.internal.ThreadExecutorMap$2.run(ThreadExecutorMap.java:74)
	at io.netty.util.concurrent.FastThreadLocalRunnable.run(FastThreadLocalRunnable.java:30)
	at java.base/java.lang.Thread.run(Thread.java:1589)

]]></system-err>
  </testcase>
  <testcase name="Register functionality" classname="Register" time="14.102">
    <system-out><![CDATA[
@TestRegister @test123
Scenario Outline: Register functionality                                                     &amp#27;[90m# src/test/resources/features/Register.feature:28&amp#27;[0m
17:50:57.291 [main] INFO   - 
  _____   ___   ___   _____     ___   _____     _     ___   _____   ___   ___  
 |_   _| | __| / __| |_   _|   / __| |_   _|   /_\   | _ \ |_   _| | __| |   \ 
   | |   | _|  \__ \   | |     \__ \   | |    / _ \  |   /   | |   | _|  | |) |
   |_|   |___| |___/   |_|     |___/   |_|   /_/ \_\ |_|_\   |_|   |___| |___/ 

Register functionality(register;register-functionality)
--------------------------------------------------------------------------------
17:50:57.448 [main] INFO  n.s.c.w.d.ChromeDriverProvider - Starting Chrome driver instance with capabilities:
17:50:57.450 [main] INFO  n.s.c.w.d.ChromeDriverProvider - Capabilities {acceptInsecureCerts: true, browserName: chrome, goog:chromeOptions: {args: [remote-allow-origins=*, test-type, no-sandbox, ignore-certificate-errors, --window-size=1000,800, incognito, disable-infobars, disable-gpu, disable-default-apps, disable-popup-blocking, remote-allow-origins=*, test-type, no-sandbox, ignore-certificate-errors, --window-size=1000,800, incognito, disable-infobars, disable-gpu, disable-default-apps, disable-popup-blocking, remote-allow-origins=*], extensions: []}}
User launches Loblaws url
  &amp#27;[32mGiven &amp#27;[0m&amp#27;[32mUser launches Loblaws url1&amp#27;[0m                                                           &amp#27;[90m# stepdefinitions.RegisterSteps.user_launches_loblaws_url1()&amp#27;[0m
user clicks on Agree checkbox and creates PC id
  &amp#27;[32mWhen &amp#27;[0m&amp#27;[32mUser clicks on Sign In page1&amp#27;[0m                                                          &amp#27;[90m# stepdefinitions.RegisterSteps.user_clicks_on_sign_in_page1()&amp#27;[0m
user clicks on Agree checkbox and creates PC id
  &amp#27;[32mThen &amp#27;[0m&amp#27;[32mUser Clicks on Create PC id1&amp#27;[0m                                                          &amp#27;[90m# stepdefinitions.RegisterSteps.user_clicks_on_create_pc_id1()&amp#27;[0m
email and password is test123@gmail.com   Test@1234553453
  &amp#27;[32mThen &amp#27;[0m&amp#27;[32mUser creates an account by providing enter1 &amp#27;[0m&amp#27;[32m&amp#27;[1m"test123@gmail.com"&amp#27;[0m&amp#27;[32m and &amp#27;[0m&amp#27;[32m&amp#27;[1m"Test@1234553453"&amp#27;[0m &amp#27;[90m# stepdefinitions.RegisterSteps.user_creates_an_account_by_providing_enter1_and(java.lang.String,java.lang.String)&amp#27;[0m
user clicks on Agree checkbox and creates PC id
  &amp#27;[32mThen &amp#27;[0m&amp#27;[32muser clicks on Agree checkbox and creates PC id1&amp#27;[0m                                      &amp#27;[90m# stepdefinitions.RegisterSteps.user_clicks_on_agree_checkbox_and_creates_pc_id1()&amp#27;[0m
17:51:11.380 [main] INFO   - 
  _____   ___   ___   _____     ___     _     ___   ___   ___   ___  
 |_   _| | __| / __| |_   _|   | _ \   /_\   / __| / __| | __| |   \ 
   | |   | _|  \__ \   | |     |  _/  / _ \  \__ \ \__ \ | _|  | |) |
   |_|   |___| |___/   |_|     |_|   /_/ \_\ |___/ |___/ |___| |___/ 

Register functionality
----------------------------------------------------------------------
]]></system-out>
    <system-err><![CDATA[Starting ChromeDriver 111.0.5563.64 (c710e93d5b63b7095afe8c2c17df34408078439d-refs/branch-heads/5563@{#995}) on port 9740
Only local connections are allowed.
Please see https://chromedriver.chromium.org/security-considerations for suggestions on keeping ChromeDriver safe.
ChromeDriver was started successfully.
Mar 30, 2023 5:50:58 PM org.openqa.selenium.devtools.CdpVersionFinder findNearestMatch
WARNING: Unable to find an exact match for CDP version 111, so returning the closest version found: 109
]]></system-err>
  </testcase>
</testsuite>